


ARM Macro Assembler    Page 1 


    1 00000000                 AREA             expt, CODE, READONLY
    2 00000000 E3A0100B        mov              r1, #11
    3 00000004 E3A02000        mov              r2, #00
    4 00000008 E3A03008        mov              r3, #08
    5 0000000C E1B010A1 
                       loop    movs             r1, r1, lsr #1
    6 00000010 22822001        addcs            r2, r2, #1
    7 00000014 E2433001        sub              r3, r3, #1
    8 00000018 E3530000        cmp              r3, #0
    9 0000001C 1AFFFFFA        bne              loop
   10 00000020 EAFFFFFE 
                       e       b                e
   11 00000024                 end
Command Line: --debug --xref --device=DARMP --apcs=interwork -ol1_lab02_q2.o -I
D:\Keil\ARM\INC\Philips --predefine="__EVAL SETA 1" --list=l1_lab02_q2.lst l1_l
ab02_q2.s



ARM Macro Assembler    Page 1 Alphabetic symbol ordering
Relocatable symbols

e 00000020

Symbol: e
   Definitions
      At line 10 in file l1_lab02_q2.s
   Uses
      At line 10 in file l1_lab02_q2.s
Comment: e used once
expt 00000000

Symbol: expt
   Definitions
      At line 1 in file l1_lab02_q2.s
   Uses
      None
Comment: expt unused
loop 0000000C

Symbol: loop
   Definitions
      At line 5 in file l1_lab02_q2.s
   Uses
      At line 9 in file l1_lab02_q2.s
Comment: loop used once
3 symbols
323 symbols in table
