


ARM Macro Assembler    Page 1 


    1 00000000                 AREA             are1, CODE, READONLY
    2 00000000 E3A05002        mov              r5, #0x02
    3 00000004 E3A01008        mov              r1, #0x08
    4 00000008 E3A07000        mov              r7, #0x00
    5 0000000C E1B050A5 
                       loop    movs             r5, r5, lsr #1
    6 00000010 32877001        addcc            r7, r7, #0x01
    7 00000014 E2411001        sub              r1, r1, #0x01
    8 00000018 E3510000        cmp              r1, #0
    9 0000001C 1AFFFFFA        bne              loop
   10 00000020 EAFFFFFE 
                       e       b                e
   11 00000024                 end
Command Line: --debug --xref --device=DARMP --apcs=interwork -ol2_assign_q2.o -
ID:\Keil\ARM\INC\Philips --predefine="__EVAL SETA 1" --list=l2_assign_q2.lst l2
_assign_q2.s



ARM Macro Assembler    Page 1 Alphabetic symbol ordering
Relocatable symbols

are1 00000000

Symbol: are1
   Definitions
      At line 1 in file l2_assign_q2.s
   Uses
      None
Comment: are1 unused
e 00000020

Symbol: e
   Definitions
      At line 10 in file l2_assign_q2.s
   Uses
      At line 10 in file l2_assign_q2.s
Comment: e used once
loop 0000000C

Symbol: loop
   Definitions
      At line 5 in file l2_assign_q2.s
   Uses
      At line 9 in file l2_assign_q2.s
Comment: loop used once
3 symbols
323 symbols in table
