


ARM Macro Assembler    Page 1 


    1 00000000                 AREA             data1, DATA, READONLY
    2 00000000 00000001 
              00000003 
              FFFFFFFB 
              00000007 num     dcd              1, 3, -5, 7
    3 00000010 00000004 
                       len     dcd              4
    4 00000014                 AREA             data2, DATA, READWRITE
    5 00000000 00 00   result  dcw              0
    6 00000002                 AREA             exp1, CODE, READONLY
    7 00000000 E59F002C        ldr              r0, =num
    8 00000004 E59F102C        ldr              r1, =len
    9 00000008 E59F202C        ldr              r2, =result
   10 0000000C E5916000        ldr              r6, [r1]
   11 00000010 E3A04000        mov              r4, #0
   12 00000014 E4905004 
                       loop    ldr              r5, [r0], #0x04
   13 00000018 E1B05005        movs             r5, r5
   14 0000001C 42844001        addmi            r4, r4, #1
   15 00000020 E2466001        sub              r6, r6, #1
   16 00000024 E3560000        cmp              r6, #0x00
   17 00000028 1AFFFFF9        bne              loop
   18 0000002C E5824000        str              r4, [r2]
   19 00000030 EAFFFFFE 
                       e       b                e
   20 00000034                 end
              00000000 
              00000000 
              00000000 
Command Line: --debug --xref --device=DARMP --apcs=interwork -ol4_q1.o -ID:\Kei
l\ARM\INC\Philips --predefine="__EVAL SETA 1" --list=l4_q1.lst l4_q1.s



ARM Macro Assembler    Page 1 Alphabetic symbol ordering
Relocatable symbols

data1 00000000

Symbol: data1
   Definitions
      At line 1 in file l4_q1.s
   Uses
      None
Comment: data1 unused
len 00000010

Symbol: len
   Definitions
      At line 3 in file l4_q1.s
   Uses
      At line 8 in file l4_q1.s
Comment: len used once
num 00000000

Symbol: num
   Definitions
      At line 2 in file l4_q1.s
   Uses
      At line 7 in file l4_q1.s
Comment: num used once
3 symbols



ARM Macro Assembler    Page 1 Alphabetic symbol ordering
Relocatable symbols

data2 00000000

Symbol: data2
   Definitions
      At line 4 in file l4_q1.s
   Uses
      None
Comment: data2 unused
result 00000000

Symbol: result
   Definitions
      At line 5 in file l4_q1.s
   Uses
      At line 9 in file l4_q1.s
Comment: result used once
2 symbols



ARM Macro Assembler    Page 1 Alphabetic symbol ordering
Relocatable symbols

e 00000030

Symbol: e
   Definitions
      At line 19 in file l4_q1.s
   Uses
      At line 19 in file l4_q1.s
Comment: e used once
exp1 00000000

Symbol: exp1
   Definitions
      At line 6 in file l4_q1.s
   Uses
      None
Comment: exp1 unused
loop 00000014

Symbol: loop
   Definitions
      At line 12 in file l4_q1.s
   Uses
      At line 17 in file l4_q1.s
Comment: loop used once
3 symbols
330 symbols in table
