


ARM Macro Assembler    Page 1 


    1 00000000                 AREA             data, DATA, READONLY
    2 00000000 41 6D 72 
              69 74 61 
              00       string  dcb              "Amrita\0"
    3 00000007                 AREA             data2, DATA, READWRITE
    4 00000000 00000000 
                       dest    dcd              0
    5 00000004                 AREA             code1, CODE, READONLY
    6 00000000 E59F001C        ldr              r0, =string
    7 00000004 E59F101C        ldr              r1, =dest
    8 00000008 E5902000        ldr              r2, [r0]
    9 0000000C E5913000        ldr              r3, [r1]
   10 00000010 E4D04001 
                       loop    ldrb             r4, [r0], #1
   11 00000014 E4813001        str              r3, [r1], #1
   12 00000018 E3540000        cmp              r4, #"\0"
   13 0000001C 1AFFFFFB        bne              loop
   14 00000020 EAFFFFFE 
                       e       b                e
   15 00000024                 end
              00000000 
              00000000 
Command Line: --debug --xref --device=DARMP --apcs=interwork -ol5_q2.o -ID:\Kei
l\ARM\INC\Philips --predefine="__EVAL SETA 1" --list=l5_q2.lst l5_q2.s



ARM Macro Assembler    Page 1 Alphabetic symbol ordering
Relocatable symbols

data 00000000

Symbol: data
   Definitions
      At line 1 in file l5_q2.s
   Uses
      None
Comment: data unused
string 00000000

Symbol: string
   Definitions
      At line 2 in file l5_q2.s
   Uses
      At line 6 in file l5_q2.s
Comment: string used once
2 symbols



ARM Macro Assembler    Page 1 Alphabetic symbol ordering
Relocatable symbols

data2 00000000

Symbol: data2
   Definitions
      At line 3 in file l5_q2.s
   Uses
      None
Comment: data2 unused
dest 00000000

Symbol: dest
   Definitions
      At line 4 in file l5_q2.s
   Uses
      At line 7 in file l5_q2.s
Comment: dest used once
2 symbols



ARM Macro Assembler    Page 1 Alphabetic symbol ordering
Relocatable symbols

code1 00000000

Symbol: code1
   Definitions
      At line 5 in file l5_q2.s
   Uses
      None
Comment: code1 unused
e 00000020

Symbol: e
   Definitions
      At line 14 in file l5_q2.s
   Uses
      At line 14 in file l5_q2.s
Comment: e used once
loop 00000010

Symbol: loop
   Definitions
      At line 10 in file l5_q2.s
   Uses
      At line 13 in file l5_q2.s
Comment: loop used once
3 symbols
329 symbols in table
